{"C:\\Users\\fplan\\Desktop\\starWarsSPA\\sw-project\\componentes\\buttons-main\\buttonsMain.js": {"path":"C:\\Users\\fplan\\Desktop\\starWarsSPA\\sw-project\\componentes\\buttons-main\\buttonsMain.js","statementMap":{"0":{"start":{"line":4,"column":27},"end":{"line":29,"column":1}},"1":{"start":{"line":5,"column":29},"end":{"line":5,"column":72}},"2":{"start":{"line":7,"column":4},"end":{"line":15,"column":15}},"3":{"start":{"line":17,"column":4},"end":{"line":28,"column":7}},"4":{"start":{"line":18,"column":33},"end":{"line":18,"column":84}},"5":{"start":{"line":20,"column":8},"end":{"line":22,"column":11}},"6":{"start":{"line":21,"column":12},"end":{"line":21,"column":46}},"7":{"start":{"line":24,"column":8},"end":{"line":24,"column":39}},"8":{"start":{"line":25,"column":25},"end":{"line":25,"column":64}},"9":{"start":{"line":26,"column":8},"end":{"line":26,"column":61}},"10":{"start":{"line":27,"column":8},"end":{"line":27,"column":36}}},"fnMap":{"0":{"name":"(anonymous_0)","decl":{"start":{"line":4,"column":27},"end":{"line":4,"column":28}},"loc":{"start":{"line":4,"column":33},"end":{"line":29,"column":1}},"line":4},"1":{"name":"(anonymous_1)","decl":{"start":{"line":17,"column":65},"end":{"line":17,"column":66}},"loc":{"start":{"line":17,"column":81},"end":{"line":28,"column":5}},"line":17},"2":{"name":"(anonymous_2)","decl":{"start":{"line":20,"column":33},"end":{"line":20,"column":34}},"loc":{"start":{"line":20,"column":45},"end":{"line":22,"column":9}},"line":20}},"branchMap":{},"s":{"0":1,"1":0,"2":0,"3":0,"4":0,"5":0,"6":0,"7":0,"8":0,"9":0,"10":0},"f":{"0":0,"1":0,"2":0},"b":{},"_coverageSchema":"1a1c01bbd47fc00a2c39e90264f33305004495a9","hash":"b1d818f8493f8a189245a16c8d44a0a9e2fde586"}
,"C:\\Users\\fplan\\Desktop\\starWarsSPA\\sw-project\\componentes\\deliverty-results\\deliveryResults.js": {"path":"C:\\Users\\fplan\\Desktop\\starWarsSPA\\sw-project\\componentes\\deliverty-results\\deliveryResults.js","statementMap":{"0":{"start":{"line":9,"column":31},"end":{"line":34,"column":1}},"1":{"start":{"line":10,"column":4},"end":{"line":13,"column":5}},"2":{"start":{"line":11,"column":8},"end":{"line":11,"column":22}},"3":{"start":{"line":12,"column":8},"end":{"line":12,"column":40}},"4":{"start":{"line":14,"column":4},"end":{"line":17,"column":5}},"5":{"start":{"line":15,"column":8},"end":{"line":15,"column":22}},"6":{"start":{"line":16,"column":8},"end":{"line":16,"column":42}},"7":{"start":{"line":18,"column":4},"end":{"line":21,"column":5}},"8":{"start":{"line":19,"column":8},"end":{"line":19,"column":22}},"9":{"start":{"line":20,"column":8},"end":{"line":20,"column":38}},"10":{"start":{"line":22,"column":4},"end":{"line":25,"column":5}},"11":{"start":{"line":23,"column":8},"end":{"line":23,"column":22}},"12":{"start":{"line":24,"column":8},"end":{"line":24,"column":42}},"13":{"start":{"line":26,"column":4},"end":{"line":29,"column":5}},"14":{"start":{"line":27,"column":8},"end":{"line":27,"column":22}},"15":{"start":{"line":28,"column":8},"end":{"line":28,"column":44}},"16":{"start":{"line":30,"column":4},"end":{"line":33,"column":5}},"17":{"start":{"line":31,"column":8},"end":{"line":31,"column":22}},"18":{"start":{"line":32,"column":8},"end":{"line":32,"column":46}}},"fnMap":{"0":{"name":"(anonymous_0)","decl":{"start":{"line":9,"column":31},"end":{"line":9,"column":32}},"loc":{"start":{"line":9,"column":40},"end":{"line":34,"column":1}},"line":9}},"branchMap":{"0":{"loc":{"start":{"line":10,"column":4},"end":{"line":13,"column":5}},"type":"if","locations":[{"start":{"line":10,"column":4},"end":{"line":13,"column":5}},{"start":{},"end":{}}],"line":10},"1":{"loc":{"start":{"line":14,"column":4},"end":{"line":17,"column":5}},"type":"if","locations":[{"start":{"line":14,"column":4},"end":{"line":17,"column":5}},{"start":{},"end":{}}],"line":14},"2":{"loc":{"start":{"line":18,"column":4},"end":{"line":21,"column":5}},"type":"if","locations":[{"start":{"line":18,"column":4},"end":{"line":21,"column":5}},{"start":{},"end":{}}],"line":18},"3":{"loc":{"start":{"line":22,"column":4},"end":{"line":25,"column":5}},"type":"if","locations":[{"start":{"line":22,"column":4},"end":{"line":25,"column":5}},{"start":{},"end":{}}],"line":22},"4":{"loc":{"start":{"line":26,"column":4},"end":{"line":29,"column":5}},"type":"if","locations":[{"start":{"line":26,"column":4},"end":{"line":29,"column":5}},{"start":{},"end":{}}],"line":26},"5":{"loc":{"start":{"line":30,"column":4},"end":{"line":33,"column":5}},"type":"if","locations":[{"start":{"line":30,"column":4},"end":{"line":33,"column":5}},{"start":{},"end":{}}],"line":30}},"s":{"0":1,"1":0,"2":0,"3":0,"4":0,"5":0,"6":0,"7":0,"8":0,"9":0,"10":0,"11":0,"12":0,"13":0,"14":0,"15":0,"16":0,"17":0,"18":0},"f":{"0":0},"b":{"0":[0,0],"1":[0,0],"2":[0,0],"3":[0,0],"4":[0,0],"5":[0,0]},"_coverageSchema":"1a1c01bbd47fc00a2c39e90264f33305004495a9","hash":"02ccb978f9f5526a19aa16925cae704926902239"}
,"C:\\Users\\fplan\\Desktop\\starWarsSPA\\sw-project\\componentes\\getApi\\getApi.js": {"path":"C:\\Users\\fplan\\Desktop\\starWarsSPA\\sw-project\\componentes\\getApi\\getApi.js","statementMap":{"0":{"start":{"line":7,"column":26},"end":{"line":17,"column":1}},"1":{"start":{"line":8,"column":4},"end":{"line":8,"column":18}},"2":{"start":{"line":10,"column":4},"end":{"line":16,"column":5}},"3":{"start":{"line":11,"column":20},"end":{"line":11,"column":65}},"4":{"start":{"line":12,"column":8},"end":{"line":12,"column":36}},"5":{"start":{"line":14,"column":8},"end":{"line":14,"column":21}},"6":{"start":{"line":15,"column":8},"end":{"line":15,"column":22}}},"fnMap":{"0":{"name":"(anonymous_0)","decl":{"start":{"line":7,"column":26},"end":{"line":7,"column":27}},"loc":{"start":{"line":7,"column":43},"end":{"line":17,"column":1}},"line":7}},"branchMap":{},"s":{"0":1,"1":0,"2":0,"3":0,"4":0,"5":0,"6":0},"f":{"0":0},"b":{},"_coverageSchema":"1a1c01bbd47fc00a2c39e90264f33305004495a9","hash":"7f6f0bc2d415d794ad97bd52c63e45a68a8b118b"}
,"C:\\Users\\fplan\\Desktop\\starWarsSPA\\sw-project\\componentes\\helpers\\errorMesages.js": {"path":"C:\\Users\\fplan\\Desktop\\starWarsSPA\\sw-project\\componentes\\helpers\\errorMesages.js","statementMap":{"0":{"start":{"line":1,"column":26},"end":{"line":9,"column":1}},"1":{"start":{"line":2,"column":18},"end":{"line":2,"column":50}},"2":{"start":{"line":3,"column":4},"end":{"line":3,"column":38}},"3":{"start":{"line":4,"column":4},"end":{"line":4,"column":93}},"4":{"start":{"line":6,"column":4},"end":{"line":8,"column":13}},"5":{"start":{"line":7,"column":8},"end":{"line":7,"column":45}},"6":{"start":{"line":11,"column":27},"end":{"line":19,"column":1}},"7":{"start":{"line":12,"column":18},"end":{"line":12,"column":50}},"8":{"start":{"line":13,"column":4},"end":{"line":13,"column":38}},"9":{"start":{"line":14,"column":4},"end":{"line":14,"column":132}},"10":{"start":{"line":16,"column":4},"end":{"line":18,"column":7}},"11":{"start":{"line":17,"column":8},"end":{"line":17,"column":30}},"12":{"start":{"line":21,"column":27},"end":{"line":29,"column":1}},"13":{"start":{"line":22,"column":18},"end":{"line":22,"column":50}},"14":{"start":{"line":23,"column":4},"end":{"line":23,"column":38}},"15":{"start":{"line":24,"column":4},"end":{"line":24,"column":111}},"16":{"start":{"line":26,"column":4},"end":{"line":28,"column":7}},"17":{"start":{"line":27,"column":8},"end":{"line":27,"column":52}},"18":{"start":{"line":31,"column":35},"end":{"line":40,"column":1}},"19":{"start":{"line":32,"column":18},"end":{"line":32,"column":50}},"20":{"start":{"line":33,"column":4},"end":{"line":33,"column":38}},"21":{"start":{"line":34,"column":4},"end":{"line":34,"column":107}},"22":{"start":{"line":36,"column":4},"end":{"line":39,"column":7}},"23":{"start":{"line":37,"column":8},"end":{"line":37,"column":45}},"24":{"start":{"line":38,"column":8},"end":{"line":38,"column":70}}},"fnMap":{"0":{"name":"(anonymous_0)","decl":{"start":{"line":1,"column":26},"end":{"line":1,"column":27}},"loc":{"start":{"line":1,"column":32},"end":{"line":9,"column":1}},"line":1},"1":{"name":"(anonymous_1)","decl":{"start":{"line":6,"column":15},"end":{"line":6,"column":16}},"loc":{"start":{"line":6,"column":21},"end":{"line":8,"column":5}},"line":6},"2":{"name":"(anonymous_2)","decl":{"start":{"line":11,"column":27},"end":{"line":11,"column":28}},"loc":{"start":{"line":11,"column":33},"end":{"line":19,"column":1}},"line":11},"3":{"name":"(anonymous_3)","decl":{"start":{"line":16,"column":70},"end":{"line":16,"column":71}},"loc":{"start":{"line":16,"column":82},"end":{"line":18,"column":5}},"line":16},"4":{"name":"(anonymous_4)","decl":{"start":{"line":21,"column":27},"end":{"line":21,"column":28}},"loc":{"start":{"line":21,"column":33},"end":{"line":29,"column":1}},"line":21},"5":{"name":"(anonymous_5)","decl":{"start":{"line":26,"column":70},"end":{"line":26,"column":71}},"loc":{"start":{"line":26,"column":82},"end":{"line":28,"column":5}},"line":26},"6":{"name":"(anonymous_6)","decl":{"start":{"line":31,"column":35},"end":{"line":31,"column":36}},"loc":{"start":{"line":31,"column":46},"end":{"line":40,"column":1}},"line":31},"7":{"name":"(anonymous_7)","decl":{"start":{"line":36,"column":70},"end":{"line":36,"column":71}},"loc":{"start":{"line":36,"column":82},"end":{"line":39,"column":5}},"line":36}},"branchMap":{},"s":{"0":1,"1":0,"2":0,"3":0,"4":0,"5":0,"6":1,"7":0,"8":0,"9":0,"10":0,"11":0,"12":1,"13":0,"14":0,"15":0,"16":0,"17":0,"18":1,"19":0,"20":0,"21":0,"22":0,"23":0,"24":0},"f":{"0":0,"1":0,"2":0,"3":0,"4":0,"5":0,"6":0,"7":0},"b":{},"_coverageSchema":"1a1c01bbd47fc00a2c39e90264f33305004495a9","hash":"422258fd153b94096ca89baec963d8e3111efe09"}
,"C:\\Users\\fplan\\Desktop\\starWarsSPA\\sw-project\\componentes\\helpers\\hideShowLoading.js": {"path":"C:\\Users\\fplan\\Desktop\\starWarsSPA\\sw-project\\componentes\\helpers\\hideShowLoading.js","statementMap":{"0":{"start":{"line":1,"column":27},"end":{"line":7,"column":1}},"1":{"start":{"line":2,"column":19},"end":{"line":2,"column":53}},"2":{"start":{"line":3,"column":29},"end":{"line":3,"column":67}},"3":{"start":{"line":5,"column":4},"end":{"line":5,"column":54}},"4":{"start":{"line":6,"column":4},"end":{"line":6,"column":40}},"5":{"start":{"line":9,"column":27},"end":{"line":15,"column":1}},"6":{"start":{"line":10,"column":19},"end":{"line":10,"column":53}},"7":{"start":{"line":11,"column":29},"end":{"line":11,"column":67}},"8":{"start":{"line":13,"column":4},"end":{"line":13,"column":51}},"9":{"start":{"line":14,"column":4},"end":{"line":14,"column":43}}},"fnMap":{"0":{"name":"(anonymous_0)","decl":{"start":{"line":1,"column":27},"end":{"line":1,"column":28}},"loc":{"start":{"line":1,"column":33},"end":{"line":7,"column":1}},"line":1},"1":{"name":"(anonymous_1)","decl":{"start":{"line":9,"column":27},"end":{"line":9,"column":28}},"loc":{"start":{"line":9,"column":33},"end":{"line":15,"column":1}},"line":9}},"branchMap":{},"s":{"0":1,"1":0,"2":0,"3":0,"4":0,"5":1,"6":0,"7":0,"8":0,"9":0},"f":{"0":0,"1":0},"b":{},"_coverageSchema":"1a1c01bbd47fc00a2c39e90264f33305004495a9","hash":"35a8caa0debce50a7c1b6bc1a38139acb5cd827b"}
,"C:\\Users\\fplan\\Desktop\\starWarsSPA\\sw-project\\componentes\\helpers\\pagination.js": {"path":"C:\\Users\\fplan\\Desktop\\starWarsSPA\\sw-project\\componentes\\helpers\\pagination.js","statementMap":{"0":{"start":{"line":3,"column":26},"end":{"line":45,"column":1}},"1":{"start":{"line":5,"column":4},"end":{"line":23,"column":5}},"2":{"start":{"line":6,"column":27},"end":{"line":6,"column":58}},"3":{"start":{"line":7,"column":8},"end":{"line":7,"column":55}},"4":{"start":{"line":8,"column":27},"end":{"line":8,"column":58}},"5":{"start":{"line":11,"column":8},"end":{"line":18,"column":11}},"6":{"start":{"line":12,"column":12},"end":{"line":12,"column":35}},"7":{"start":{"line":13,"column":28},"end":{"line":13,"column":57}},"8":{"start":{"line":14,"column":28},"end":{"line":14,"column":59}},"9":{"start":{"line":15,"column":29},"end":{"line":15,"column":44}},"10":{"start":{"line":17,"column":12},"end":{"line":17,"column":40}},"11":{"start":{"line":20,"column":27},"end":{"line":20,"column":58}},"12":{"start":{"line":21,"column":8},"end":{"line":21,"column":32}},"13":{"start":{"line":21,"column":25},"end":{"line":21,"column":32}},"14":{"start":{"line":22,"column":8},"end":{"line":22,"column":28}},"15":{"start":{"line":26,"column":4},"end":{"line":44,"column":5}},"16":{"start":{"line":27,"column":27},"end":{"line":27,"column":58}},"17":{"start":{"line":28,"column":8},"end":{"line":28,"column":55}},"18":{"start":{"line":29,"column":27},"end":{"line":29,"column":58}},"19":{"start":{"line":32,"column":8},"end":{"line":39,"column":11}},"20":{"start":{"line":33,"column":12},"end":{"line":33,"column":35}},"21":{"start":{"line":34,"column":28},"end":{"line":34,"column":61}},"22":{"start":{"line":35,"column":29},"end":{"line":35,"column":64}},"23":{"start":{"line":36,"column":29},"end":{"line":36,"column":45}},"24":{"start":{"line":38,"column":12},"end":{"line":38,"column":40}},"25":{"start":{"line":41,"column":27},"end":{"line":41,"column":58}},"26":{"start":{"line":42,"column":8},"end":{"line":42,"column":32}},"27":{"start":{"line":42,"column":25},"end":{"line":42,"column":32}},"28":{"start":{"line":43,"column":8},"end":{"line":43,"column":28}}},"fnMap":{"0":{"name":"(anonymous_0)","decl":{"start":{"line":3,"column":26},"end":{"line":3,"column":27}},"loc":{"start":{"line":3,"column":46},"end":{"line":45,"column":1}},"line":3},"1":{"name":"(anonymous_1)","decl":{"start":{"line":11,"column":45},"end":{"line":11,"column":46}},"loc":{"start":{"line":11,"column":56},"end":{"line":18,"column":9}},"line":11},"2":{"name":"(anonymous_2)","decl":{"start":{"line":32,"column":45},"end":{"line":32,"column":46}},"loc":{"start":{"line":32,"column":56},"end":{"line":39,"column":9}},"line":32}},"branchMap":{"0":{"loc":{"start":{"line":5,"column":4},"end":{"line":23,"column":5}},"type":"if","locations":[{"start":{"line":5,"column":4},"end":{"line":23,"column":5}},{"start":{"line":19,"column":11},"end":{"line":23,"column":5}}],"line":5},"1":{"loc":{"start":{"line":21,"column":8},"end":{"line":21,"column":32}},"type":"if","locations":[{"start":{"line":21,"column":8},"end":{"line":21,"column":32}},{"start":{},"end":{}}],"line":21},"2":{"loc":{"start":{"line":26,"column":4},"end":{"line":44,"column":5}},"type":"if","locations":[{"start":{"line":26,"column":4},"end":{"line":44,"column":5}},{"start":{"line":40,"column":11},"end":{"line":44,"column":5}}],"line":26},"3":{"loc":{"start":{"line":42,"column":8},"end":{"line":42,"column":32}},"type":"if","locations":[{"start":{"line":42,"column":8},"end":{"line":42,"column":32}},{"start":{},"end":{}}],"line":42}},"s":{"0":1,"1":0,"2":0,"3":0,"4":0,"5":0,"6":0,"7":0,"8":0,"9":0,"10":0,"11":0,"12":0,"13":0,"14":0,"15":0,"16":0,"17":0,"18":0,"19":0,"20":0,"21":0,"22":0,"23":0,"24":0,"25":0,"26":0,"27":0,"28":0},"f":{"0":0,"1":0,"2":0},"b":{"0":[0,0],"1":[0,0],"2":[0,0],"3":[0,0]},"_coverageSchema":"1a1c01bbd47fc00a2c39e90264f33305004495a9","hash":"07078a3127d408f639289ea12f14ce01b4760190"}
,"C:\\Users\\fplan\\Desktop\\starWarsSPA\\sw-project\\componentes\\helpers\\searchListener.js": {"path":"C:\\Users\\fplan\\Desktop\\starWarsSPA\\sw-project\\componentes\\helpers\\searchListener.js","statementMap":{"0":{"start":{"line":5,"column":30},"end":{"line":27,"column":1}},"1":{"start":{"line":6,"column":27},"end":{"line":6,"column":68}},"2":{"start":{"line":8,"column":20},"end":{"line":8,"column":51}},"3":{"start":{"line":9,"column":17},"end":{"line":9,"column":48}},"4":{"start":{"line":10,"column":4},"end":{"line":13,"column":5}},"5":{"start":{"line":11,"column":8},"end":{"line":11,"column":25}},"6":{"start":{"line":12,"column":8},"end":{"line":12,"column":22}},"7":{"start":{"line":15,"column":4},"end":{"line":16,"column":45}},"8":{"start":{"line":18,"column":4},"end":{"line":26,"column":7}},"9":{"start":{"line":19,"column":8},"end":{"line":19,"column":31}},"10":{"start":{"line":20,"column":21},"end":{"line":20,"column":58}},"11":{"start":{"line":21,"column":28},"end":{"line":21,"column":54}},"12":{"start":{"line":23,"column":8},"end":{"line":23,"column":51}},"13":{"start":{"line":23,"column":30},"end":{"line":23,"column":51}},"14":{"start":{"line":25,"column":8},"end":{"line":25,"column":39}}},"fnMap":{"0":{"name":"(anonymous_0)","decl":{"start":{"line":5,"column":30},"end":{"line":5,"column":31}},"loc":{"start":{"line":5,"column":41},"end":{"line":27,"column":1}},"line":5},"1":{"name":"(anonymous_1)","decl":{"start":{"line":18,"column":62},"end":{"line":18,"column":63}},"loc":{"start":{"line":18,"column":79},"end":{"line":26,"column":5}},"line":18}},"branchMap":{"0":{"loc":{"start":{"line":10,"column":4},"end":{"line":13,"column":5}},"type":"if","locations":[{"start":{"line":10,"column":4},"end":{"line":13,"column":5}},{"start":{},"end":{}}],"line":10},"1":{"loc":{"start":{"line":23,"column":8},"end":{"line":23,"column":51}},"type":"if","locations":[{"start":{"line":23,"column":8},"end":{"line":23,"column":51}},{"start":{},"end":{}}],"line":23}},"s":{"0":1,"1":0,"2":0,"3":0,"4":0,"5":0,"6":0,"7":0,"8":0,"9":0,"10":0,"11":0,"12":0,"13":0,"14":0},"f":{"0":0,"1":0},"b":{"0":[0,0],"1":[0,0]},"_coverageSchema":"1a1c01bbd47fc00a2c39e90264f33305004495a9","hash":"f36ce805d0467097fea543ff637a61f627a23367"}
,"C:\\Users\\fplan\\Desktop\\starWarsSPA\\sw-project\\componentes\\pages\\getFilms.js": {"path":"C:\\Users\\fplan\\Desktop\\starWarsSPA\\sw-project\\componentes\\pages\\getFilms.js","statementMap":{"0":{"start":{"line":6,"column":24},"end":{"line":38,"column":1}},"1":{"start":{"line":7,"column":20},"end":{"line":7,"column":54}},"2":{"start":{"line":9,"column":20},"end":{"line":9,"column":36}},"3":{"start":{"line":10,"column":17},"end":{"line":10,"column":32}},"4":{"start":{"line":12,"column":4},"end":{"line":14,"column":5}},"5":{"start":{"line":13,"column":8},"end":{"line":13,"column":37}},"6":{"start":{"line":16,"column":17},"end":{"line":16,"column":19}},"7":{"start":{"line":17,"column":4},"end":{"line":33,"column":7}},"8":{"start":{"line":18,"column":8},"end":{"line":32,"column":10}},"9":{"start":{"line":34,"column":4},"end":{"line":34,"column":31}},"10":{"start":{"line":36,"column":4},"end":{"line":36,"column":26}},"11":{"start":{"line":37,"column":4},"end":{"line":37,"column":31}}},"fnMap":{"0":{"name":"(anonymous_0)","decl":{"start":{"line":6,"column":24},"end":{"line":6,"column":25}},"loc":{"start":{"line":6,"column":46},"end":{"line":38,"column":1}},"line":6},"1":{"name":"(anonymous_1)","decl":{"start":{"line":17,"column":17},"end":{"line":17,"column":18}},"loc":{"start":{"line":17,"column":27},"end":{"line":33,"column":5}},"line":17}},"branchMap":{"0":{"loc":{"start":{"line":12,"column":4},"end":{"line":14,"column":5}},"type":"if","locations":[{"start":{"line":12,"column":4},"end":{"line":14,"column":5}},{"start":{},"end":{}}],"line":12}},"s":{"0":1,"1":0,"2":0,"3":0,"4":0,"5":0,"6":0,"7":0,"8":0,"9":0,"10":0,"11":0},"f":{"0":0,"1":0},"b":{"0":[0,0]},"_coverageSchema":"1a1c01bbd47fc00a2c39e90264f33305004495a9","hash":"c51d034056430cd8bd07b2828c4d7263fda8a973"}
,"C:\\Users\\fplan\\Desktop\\starWarsSPA\\sw-project\\componentes\\pages\\getPeople.js": {"path":"C:\\Users\\fplan\\Desktop\\starWarsSPA\\sw-project\\componentes\\pages\\getPeople.js","statementMap":{"0":{"start":{"line":6,"column":25},"end":{"line":39,"column":1}},"1":{"start":{"line":7,"column":20},"end":{"line":7,"column":54}},"2":{"start":{"line":9,"column":20},"end":{"line":9,"column":36}},"3":{"start":{"line":10,"column":17},"end":{"line":10,"column":32}},"4":{"start":{"line":11,"column":4},"end":{"line":11,"column":23}},"5":{"start":{"line":13,"column":4},"end":{"line":15,"column":5}},"6":{"start":{"line":14,"column":8},"end":{"line":14,"column":38}},"7":{"start":{"line":17,"column":17},"end":{"line":17,"column":19}},"8":{"start":{"line":18,"column":4},"end":{"line":34,"column":7}},"9":{"start":{"line":19,"column":8},"end":{"line":33,"column":10}},"10":{"start":{"line":35,"column":4},"end":{"line":35,"column":31}},"11":{"start":{"line":37,"column":4},"end":{"line":37,"column":26}},"12":{"start":{"line":38,"column":4},"end":{"line":38,"column":31}}},"fnMap":{"0":{"name":"(anonymous_0)","decl":{"start":{"line":6,"column":25},"end":{"line":6,"column":26}},"loc":{"start":{"line":6,"column":47},"end":{"line":39,"column":1}},"line":6},"1":{"name":"(anonymous_1)","decl":{"start":{"line":18,"column":17},"end":{"line":18,"column":18}},"loc":{"start":{"line":18,"column":27},"end":{"line":34,"column":5}},"line":18}},"branchMap":{"0":{"loc":{"start":{"line":13,"column":4},"end":{"line":15,"column":5}},"type":"if","locations":[{"start":{"line":13,"column":4},"end":{"line":15,"column":5}},{"start":{},"end":{}}],"line":13}},"s":{"0":1,"1":0,"2":0,"3":0,"4":0,"5":0,"6":0,"7":0,"8":0,"9":0,"10":0,"11":0,"12":0},"f":{"0":0,"1":0},"b":{"0":[0,0]},"_coverageSchema":"1a1c01bbd47fc00a2c39e90264f33305004495a9","hash":"c9facb5c59b27c40d948bfe0a7149269e4b34517"}
,"C:\\Users\\fplan\\Desktop\\starWarsSPA\\sw-project\\componentes\\pages\\getPlanets.js": {"path":"C:\\Users\\fplan\\Desktop\\starWarsSPA\\sw-project\\componentes\\pages\\getPlanets.js","statementMap":{"0":{"start":{"line":6,"column":26},"end":{"line":38,"column":1}},"1":{"start":{"line":7,"column":20},"end":{"line":7,"column":54}},"2":{"start":{"line":9,"column":20},"end":{"line":9,"column":36}},"3":{"start":{"line":10,"column":17},"end":{"line":10,"column":32}},"4":{"start":{"line":12,"column":4},"end":{"line":14,"column":5}},"5":{"start":{"line":13,"column":8},"end":{"line":13,"column":39}},"6":{"start":{"line":16,"column":17},"end":{"line":16,"column":19}},"7":{"start":{"line":17,"column":4},"end":{"line":33,"column":7}},"8":{"start":{"line":18,"column":8},"end":{"line":32,"column":10}},"9":{"start":{"line":34,"column":4},"end":{"line":34,"column":31}},"10":{"start":{"line":36,"column":4},"end":{"line":36,"column":26}},"11":{"start":{"line":37,"column":4},"end":{"line":37,"column":31}}},"fnMap":{"0":{"name":"(anonymous_0)","decl":{"start":{"line":6,"column":26},"end":{"line":6,"column":27}},"loc":{"start":{"line":6,"column":48},"end":{"line":38,"column":1}},"line":6},"1":{"name":"(anonymous_1)","decl":{"start":{"line":17,"column":17},"end":{"line":17,"column":18}},"loc":{"start":{"line":17,"column":27},"end":{"line":33,"column":5}},"line":17}},"branchMap":{"0":{"loc":{"start":{"line":12,"column":4},"end":{"line":14,"column":5}},"type":"if","locations":[{"start":{"line":12,"column":4},"end":{"line":14,"column":5}},{"start":{},"end":{}}],"line":12}},"s":{"0":1,"1":0,"2":0,"3":0,"4":0,"5":0,"6":0,"7":0,"8":0,"9":0,"10":0,"11":0},"f":{"0":0,"1":0},"b":{"0":[0,0]},"_coverageSchema":"1a1c01bbd47fc00a2c39e90264f33305004495a9","hash":"405cda2c7826f3fa1ce2c8c530d05b83415a2664"}
,"C:\\Users\\fplan\\Desktop\\starWarsSPA\\sw-project\\componentes\\pages\\getSpecies.js": {"path":"C:\\Users\\fplan\\Desktop\\starWarsSPA\\sw-project\\componentes\\pages\\getSpecies.js","statementMap":{"0":{"start":{"line":6,"column":26},"end":{"line":38,"column":1}},"1":{"start":{"line":7,"column":20},"end":{"line":7,"column":54}},"2":{"start":{"line":9,"column":20},"end":{"line":9,"column":36}},"3":{"start":{"line":10,"column":17},"end":{"line":10,"column":32}},"4":{"start":{"line":12,"column":4},"end":{"line":14,"column":5}},"5":{"start":{"line":13,"column":8},"end":{"line":13,"column":39}},"6":{"start":{"line":16,"column":17},"end":{"line":16,"column":19}},"7":{"start":{"line":17,"column":4},"end":{"line":33,"column":7}},"8":{"start":{"line":18,"column":8},"end":{"line":32,"column":10}},"9":{"start":{"line":34,"column":4},"end":{"line":34,"column":31}},"10":{"start":{"line":36,"column":4},"end":{"line":36,"column":26}},"11":{"start":{"line":37,"column":4},"end":{"line":37,"column":31}}},"fnMap":{"0":{"name":"(anonymous_0)","decl":{"start":{"line":6,"column":26},"end":{"line":6,"column":27}},"loc":{"start":{"line":6,"column":48},"end":{"line":38,"column":1}},"line":6},"1":{"name":"(anonymous_1)","decl":{"start":{"line":17,"column":17},"end":{"line":17,"column":18}},"loc":{"start":{"line":17,"column":27},"end":{"line":33,"column":5}},"line":17}},"branchMap":{"0":{"loc":{"start":{"line":12,"column":4},"end":{"line":14,"column":5}},"type":"if","locations":[{"start":{"line":12,"column":4},"end":{"line":14,"column":5}},{"start":{},"end":{}}],"line":12}},"s":{"0":1,"1":0,"2":0,"3":0,"4":0,"5":0,"6":0,"7":0,"8":0,"9":0,"10":0,"11":0},"f":{"0":0,"1":0},"b":{"0":[0,0]},"_coverageSchema":"1a1c01bbd47fc00a2c39e90264f33305004495a9","hash":"c4c12a4b8c4c26e884c7395e5bde8c41015a42f4"}
,"C:\\Users\\fplan\\Desktop\\starWarsSPA\\sw-project\\componentes\\pages\\getStarships.js": {"path":"C:\\Users\\fplan\\Desktop\\starWarsSPA\\sw-project\\componentes\\pages\\getStarships.js","statementMap":{"0":{"start":{"line":6,"column":28},"end":{"line":38,"column":1}},"1":{"start":{"line":7,"column":20},"end":{"line":7,"column":54}},"2":{"start":{"line":9,"column":20},"end":{"line":9,"column":36}},"3":{"start":{"line":10,"column":17},"end":{"line":10,"column":32}},"4":{"start":{"line":12,"column":4},"end":{"line":14,"column":5}},"5":{"start":{"line":13,"column":8},"end":{"line":13,"column":41}},"6":{"start":{"line":16,"column":17},"end":{"line":16,"column":19}},"7":{"start":{"line":17,"column":4},"end":{"line":33,"column":7}},"8":{"start":{"line":18,"column":8},"end":{"line":32,"column":10}},"9":{"start":{"line":34,"column":4},"end":{"line":34,"column":31}},"10":{"start":{"line":36,"column":4},"end":{"line":36,"column":26}},"11":{"start":{"line":37,"column":4},"end":{"line":37,"column":31}}},"fnMap":{"0":{"name":"(anonymous_0)","decl":{"start":{"line":6,"column":28},"end":{"line":6,"column":29}},"loc":{"start":{"line":6,"column":50},"end":{"line":38,"column":1}},"line":6},"1":{"name":"(anonymous_1)","decl":{"start":{"line":17,"column":17},"end":{"line":17,"column":18}},"loc":{"start":{"line":17,"column":27},"end":{"line":33,"column":5}},"line":17}},"branchMap":{"0":{"loc":{"start":{"line":12,"column":4},"end":{"line":14,"column":5}},"type":"if","locations":[{"start":{"line":12,"column":4},"end":{"line":14,"column":5}},{"start":{},"end":{}}],"line":12}},"s":{"0":1,"1":0,"2":0,"3":0,"4":0,"5":0,"6":0,"7":0,"8":0,"9":0,"10":0,"11":0},"f":{"0":0,"1":0},"b":{"0":[0,0]},"_coverageSchema":"1a1c01bbd47fc00a2c39e90264f33305004495a9","hash":"20f858dcbe17c62d70df93b59c30930dab236ec0"}
,"C:\\Users\\fplan\\Desktop\\starWarsSPA\\sw-project\\componentes\\pages\\getVehicles.js": {"path":"C:\\Users\\fplan\\Desktop\\starWarsSPA\\sw-project\\componentes\\pages\\getVehicles.js","statementMap":{"0":{"start":{"line":6,"column":27},"end":{"line":38,"column":1}},"1":{"start":{"line":7,"column":20},"end":{"line":7,"column":54}},"2":{"start":{"line":9,"column":20},"end":{"line":9,"column":36}},"3":{"start":{"line":10,"column":17},"end":{"line":10,"column":32}},"4":{"start":{"line":12,"column":4},"end":{"line":14,"column":5}},"5":{"start":{"line":13,"column":8},"end":{"line":13,"column":38}},"6":{"start":{"line":16,"column":17},"end":{"line":16,"column":19}},"7":{"start":{"line":17,"column":4},"end":{"line":33,"column":7}},"8":{"start":{"line":18,"column":8},"end":{"line":32,"column":10}},"9":{"start":{"line":34,"column":4},"end":{"line":34,"column":31}},"10":{"start":{"line":36,"column":4},"end":{"line":36,"column":26}},"11":{"start":{"line":37,"column":4},"end":{"line":37,"column":31}}},"fnMap":{"0":{"name":"(anonymous_0)","decl":{"start":{"line":6,"column":27},"end":{"line":6,"column":28}},"loc":{"start":{"line":6,"column":49},"end":{"line":38,"column":1}},"line":6},"1":{"name":"(anonymous_1)","decl":{"start":{"line":17,"column":17},"end":{"line":17,"column":18}},"loc":{"start":{"line":17,"column":27},"end":{"line":33,"column":5}},"line":17}},"branchMap":{"0":{"loc":{"start":{"line":12,"column":4},"end":{"line":14,"column":5}},"type":"if","locations":[{"start":{"line":12,"column":4},"end":{"line":14,"column":5}},{"start":{},"end":{}}],"line":12}},"s":{"0":1,"1":0,"2":0,"3":0,"4":0,"5":0,"6":0,"7":0,"8":0,"9":0,"10":0,"11":0},"f":{"0":0,"1":0},"b":{"0":[0,0]},"_coverageSchema":"1a1c01bbd47fc00a2c39e90264f33305004495a9","hash":"338d1ec72a1692394042134c40f490db37f1aefd"}
}
